<testsuites id="" name="" tests="2" failures="0" skipped="0" errors="0" time="7.064791000000001">
<testsuite name="example.spec.ts" timestamp="2026-02-25T05:50:44.073Z" hostname="chromium" tests="2" failures="0" skipped="0" time="4.685" errors="0">
<testcase name="Example E2E Flow › user can access the home page - deterministic" classname="example.spec.ts" time="4.671">
</testcase>
<testcase name="Example E2E Flow › example of data factory pattern" classname="example.spec.ts" time="0.014">
</testcase>
</testsuite>
</testsuites>